Vivado Simulator 2018.3
Time resolution is 1 ps
Error:                    5Error: ---Assertion Failed
Time: 5 ns  Iteration: 0  Process: /assert_fell//assert_fell  File: C:/Users/manis/Desktop/systemVerilog/SVA_Vivado/assert_fell/assert_fell.srcs/sources_1/new/assert_fell.sv
Error:                   15Error: ---Assertion Failed
Time: 15 ns  Iteration: 0  Process: /assert_fell//assert_fell  File: C:/Users/manis/Desktop/systemVerilog/SVA_Vivado/assert_fell/assert_fell.srcs/sources_1/new/assert_fell.sv
Error:                   25Error: ---Assertion Failed
Time: 25 ns  Iteration: 0  Process: /assert_fell//assert_fell  File: C:/Users/manis/Desktop/systemVerilog/SVA_Vivado/assert_fell/assert_fell.srcs/sources_1/new/assert_fell.sv
Error:                   35Error: ---Assertion Failed
Time: 35 ns  Iteration: 0  Process: /assert_fell//assert_fell  File: C:/Users/manis/Desktop/systemVerilog/SVA_Vivado/assert_fell/assert_fell.srcs/sources_1/new/assert_fell.sv
Error:                   45Error: ---Assertion Failed
Time: 45 ns  Iteration: 0  Process: /assert_fell//assert_fell  File: C:/Users/manis/Desktop/systemVerilog/SVA_Vivado/assert_fell/assert_fell.srcs/sources_1/new/assert_fell.sv
Error:                   55Error: ---Assertion Failed
Time: 55 ns  Iteration: 0  Process: /assert_fell//assert_fell  File: C:/Users/manis/Desktop/systemVerilog/SVA_Vivado/assert_fell/assert_fell.srcs/sources_1/new/assert_fell.sv
Error:                   65Error: ---Assertion Failed
Time: 65 ns  Iteration: 0  Process: /assert_fell//assert_fell  File: C:/Users/manis/Desktop/systemVerilog/SVA_Vivado/assert_fell/assert_fell.srcs/sources_1/new/assert_fell.sv
Info:                   75Info: ---Assertion passed
Time: 75 ns  Iteration: 0  Process: /assert_fell//assert_fell  File: C:/Users/manis/Desktop/systemVerilog/SVA_Vivado/assert_fell/assert_fell.srcs/sources_1/new/assert_fell.sv
Error:                   85Error: ---Assertion Failed
Time: 85 ns  Iteration: 0  Process: /assert_fell//assert_fell  File: C:/Users/manis/Desktop/systemVerilog/SVA_Vivado/assert_fell/assert_fell.srcs/sources_1/new/assert_fell.sv
Error:                   95Error: ---Assertion Failed
Time: 95 ns  Iteration: 0  Process: /assert_fell//assert_fell  File: C:/Users/manis/Desktop/systemVerilog/SVA_Vivado/assert_fell/assert_fell.srcs/sources_1/new/assert_fell.sv
Error:                  105Error: ---Assertion Failed
Time: 105 ns  Iteration: 0  Process: /assert_fell//assert_fell  File: C:/Users/manis/Desktop/systemVerilog/SVA_Vivado/assert_fell/assert_fell.srcs/sources_1/new/assert_fell.sv
Error:                  115Error: ---Assertion Failed
Time: 115 ns  Iteration: 0  Process: /assert_fell//assert_fell  File: C:/Users/manis/Desktop/systemVerilog/SVA_Vivado/assert_fell/assert_fell.srcs/sources_1/new/assert_fell.sv
Error:                  125Error: ---Assertion Failed
Time: 125 ns  Iteration: 0  Process: /assert_fell//assert_fell  File: C:/Users/manis/Desktop/systemVerilog/SVA_Vivado/assert_fell/assert_fell.srcs/sources_1/new/assert_fell.sv
Error:                  135Error: ---Assertion Failed
Time: 135 ns  Iteration: 0  Process: /assert_fell//assert_fell  File: C:/Users/manis/Desktop/systemVerilog/SVA_Vivado/assert_fell/assert_fell.srcs/sources_1/new/assert_fell.sv
Error:                  145Error: ---Assertion Failed
Time: 145 ns  Iteration: 0  Process: /assert_fell//assert_fell  File: C:/Users/manis/Desktop/systemVerilog/SVA_Vivado/assert_fell/assert_fell.srcs/sources_1/new/assert_fell.sv
Error:                  155Error: ---Assertion Failed
Time: 155 ns  Iteration: 0  Process: /assert_fell//assert_fell  File: C:/Users/manis/Desktop/systemVerilog/SVA_Vivado/assert_fell/assert_fell.srcs/sources_1/new/assert_fell.sv
Error:                  165Error: ---Assertion Failed
Time: 165 ns  Iteration: 0  Process: /assert_fell//assert_fell  File: C:/Users/manis/Desktop/systemVerilog/SVA_Vivado/assert_fell/assert_fell.srcs/sources_1/new/assert_fell.sv
Error:                  175Error: ---Assertion Failed
Time: 175 ns  Iteration: 0  Process: /assert_fell//assert_fell  File: C:/Users/manis/Desktop/systemVerilog/SVA_Vivado/assert_fell/assert_fell.srcs/sources_1/new/assert_fell.sv
Error:                  185Error: ---Assertion Failed
Time: 185 ns  Iteration: 0  Process: /assert_fell//assert_fell  File: C:/Users/manis/Desktop/systemVerilog/SVA_Vivado/assert_fell/assert_fell.srcs/sources_1/new/assert_fell.sv
Error:                  195Error: ---Assertion Failed
Time: 195 ns  Iteration: 0  Process: /assert_fell//assert_fell  File: C:/Users/manis/Desktop/systemVerilog/SVA_Vivado/assert_fell/assert_fell.srcs/sources_1/new/assert_fell.sv
Error:                  205Error: ---Assertion Failed
Time: 205 ns  Iteration: 0  Process: /assert_fell//assert_fell  File: C:/Users/manis/Desktop/systemVerilog/SVA_Vivado/assert_fell/assert_fell.srcs/sources_1/new/assert_fell.sv
Error:                  215Error: ---Assertion Failed
Time: 215 ns  Iteration: 0  Process: /assert_fell//assert_fell  File: C:/Users/manis/Desktop/systemVerilog/SVA_Vivado/assert_fell/assert_fell.srcs/sources_1/new/assert_fell.sv
Error:                  225Error: ---Assertion Failed
Time: 225 ns  Iteration: 0  Process: /assert_fell//assert_fell  File: C:/Users/manis/Desktop/systemVerilog/SVA_Vivado/assert_fell/assert_fell.srcs/sources_1/new/assert_fell.sv
Error:                  235Error: ---Assertion Failed
Time: 235 ns  Iteration: 0  Process: /assert_fell//assert_fell  File: C:/Users/manis/Desktop/systemVerilog/SVA_Vivado/assert_fell/assert_fell.srcs/sources_1/new/assert_fell.sv
Error:                  245Error: ---Assertion Failed
Time: 245 ns  Iteration: 0  Process: /assert_fell//assert_fell  File: C:/Users/manis/Desktop/systemVerilog/SVA_Vivado/assert_fell/assert_fell.srcs/sources_1/new/assert_fell.sv
Error:                  255Error: ---Assertion Failed
Time: 255 ns  Iteration: 0  Process: /assert_fell//assert_fell  File: C:/Users/manis/Desktop/systemVerilog/SVA_Vivado/assert_fell/assert_fell.srcs/sources_1/new/assert_fell.sv
Error:                  265Error: ---Assertion Failed
Time: 265 ns  Iteration: 0  Process: /assert_fell//assert_fell  File: C:/Users/manis/Desktop/systemVerilog/SVA_Vivado/assert_fell/assert_fell.srcs/sources_1/new/assert_fell.sv
Error:                  275Error: ---Assertion Failed
Time: 275 ns  Iteration: 0  Process: /assert_fell//assert_fell  File: C:/Users/manis/Desktop/systemVerilog/SVA_Vivado/assert_fell/assert_fell.srcs/sources_1/new/assert_fell.sv
Error:                  285Error: ---Assertion Failed
Time: 285 ns  Iteration: 0  Process: /assert_fell//assert_fell  File: C:/Users/manis/Desktop/systemVerilog/SVA_Vivado/assert_fell/assert_fell.srcs/sources_1/new/assert_fell.sv
Error:                  295Error: ---Assertion Failed
Time: 295 ns  Iteration: 0  Process: /assert_fell//assert_fell  File: C:/Users/manis/Desktop/systemVerilog/SVA_Vivado/assert_fell/assert_fell.srcs/sources_1/new/assert_fell.sv
Error:                  305Error: ---Assertion Failed
Time: 305 ns  Iteration: 0  Process: /assert_fell//assert_fell  File: C:/Users/manis/Desktop/systemVerilog/SVA_Vivado/assert_fell/assert_fell.srcs/sources_1/new/assert_fell.sv
Error:                  315Error: ---Assertion Failed
Time: 315 ns  Iteration: 0  Process: /assert_fell//assert_fell  File: C:/Users/manis/Desktop/systemVerilog/SVA_Vivado/assert_fell/assert_fell.srcs/sources_1/new/assert_fell.sv
Error:                  325Error: ---Assertion Failed
Time: 325 ns  Iteration: 0  Process: /assert_fell//assert_fell  File: C:/Users/manis/Desktop/systemVerilog/SVA_Vivado/assert_fell/assert_fell.srcs/sources_1/new/assert_fell.sv
Error:                  335Error: ---Assertion Failed
Time: 335 ns  Iteration: 0  Process: /assert_fell//assert_fell  File: C:/Users/manis/Desktop/systemVerilog/SVA_Vivado/assert_fell/assert_fell.srcs/sources_1/new/assert_fell.sv
Error:                  345Error: ---Assertion Failed
Time: 345 ns  Iteration: 0  Process: /assert_fell//assert_fell  File: C:/Users/manis/Desktop/systemVerilog/SVA_Vivado/assert_fell/assert_fell.srcs/sources_1/new/assert_fell.sv
Error:                  355Error: ---Assertion Failed
Time: 355 ns  Iteration: 0  Process: /assert_fell//assert_fell  File: C:/Users/manis/Desktop/systemVerilog/SVA_Vivado/assert_fell/assert_fell.srcs/sources_1/new/assert_fell.sv
Error:                  365Error: ---Assertion Failed
Time: 365 ns  Iteration: 0  Process: /assert_fell//assert_fell  File: C:/Users/manis/Desktop/systemVerilog/SVA_Vivado/assert_fell/assert_fell.srcs/sources_1/new/assert_fell.sv
Error:                  375Error: ---Assertion Failed
Time: 375 ns  Iteration: 0  Process: /assert_fell//assert_fell  File: C:/Users/manis/Desktop/systemVerilog/SVA_Vivado/assert_fell/assert_fell.srcs/sources_1/new/assert_fell.sv
Error:                  385Error: ---Assertion Failed
Time: 385 ns  Iteration: 0  Process: /assert_fell//assert_fell  File: C:/Users/manis/Desktop/systemVerilog/SVA_Vivado/assert_fell/assert_fell.srcs/sources_1/new/assert_fell.sv
Error:                  395Error: ---Assertion Failed
Time: 395 ns  Iteration: 0  Process: /assert_fell//assert_fell  File: C:/Users/manis/Desktop/systemVerilog/SVA_Vivado/assert_fell/assert_fell.srcs/sources_1/new/assert_fell.sv
Error:                  405Error: ---Assertion Failed
Time: 405 ns  Iteration: 0  Process: /assert_fell//assert_fell  File: C:/Users/manis/Desktop/systemVerilog/SVA_Vivado/assert_fell/assert_fell.srcs/sources_1/new/assert_fell.sv
Error:                  415Error: ---Assertion Failed
Time: 415 ns  Iteration: 0  Process: /assert_fell//assert_fell  File: C:/Users/manis/Desktop/systemVerilog/SVA_Vivado/assert_fell/assert_fell.srcs/sources_1/new/assert_fell.sv
Error:                  425Error: ---Assertion Failed
Time: 425 ns  Iteration: 0  Process: /assert_fell//assert_fell  File: C:/Users/manis/Desktop/systemVerilog/SVA_Vivado/assert_fell/assert_fell.srcs/sources_1/new/assert_fell.sv
Error:                  435Error: ---Assertion Failed
Time: 435 ns  Iteration: 0  Process: /assert_fell//assert_fell  File: C:/Users/manis/Desktop/systemVerilog/SVA_Vivado/assert_fell/assert_fell.srcs/sources_1/new/assert_fell.sv
Error:                  445Error: ---Assertion Failed
Time: 445 ns  Iteration: 0  Process: /assert_fell//assert_fell  File: C:/Users/manis/Desktop/systemVerilog/SVA_Vivado/assert_fell/assert_fell.srcs/sources_1/new/assert_fell.sv
Error:                  455Error: ---Assertion Failed
Time: 455 ns  Iteration: 0  Process: /assert_fell//assert_fell  File: C:/Users/manis/Desktop/systemVerilog/SVA_Vivado/assert_fell/assert_fell.srcs/sources_1/new/assert_fell.sv
Error:                  465Error: ---Assertion Failed
Time: 465 ns  Iteration: 0  Process: /assert_fell//assert_fell  File: C:/Users/manis/Desktop/systemVerilog/SVA_Vivado/assert_fell/assert_fell.srcs/sources_1/new/assert_fell.sv
Error:                  475Error: ---Assertion Failed
Time: 475 ns  Iteration: 0  Process: /assert_fell//assert_fell  File: C:/Users/manis/Desktop/systemVerilog/SVA_Vivado/assert_fell/assert_fell.srcs/sources_1/new/assert_fell.sv
Error:                  485Error: ---Assertion Failed
Time: 485 ns  Iteration: 0  Process: /assert_fell//assert_fell  File: C:/Users/manis/Desktop/systemVerilog/SVA_Vivado/assert_fell/assert_fell.srcs/sources_1/new/assert_fell.sv
Error:                  495Error: ---Assertion Failed
Time: 495 ns  Iteration: 0  Process: /assert_fell//assert_fell  File: C:/Users/manis/Desktop/systemVerilog/SVA_Vivado/assert_fell/assert_fell.srcs/sources_1/new/assert_fell.sv
Error:                  505Error: ---Assertion Failed
Time: 505 ns  Iteration: 0  Process: /assert_fell//assert_fell  File: C:/Users/manis/Desktop/systemVerilog/SVA_Vivado/assert_fell/assert_fell.srcs/sources_1/new/assert_fell.sv
Error:                  515Error: ---Assertion Failed
Time: 515 ns  Iteration: 0  Process: /assert_fell//assert_fell  File: C:/Users/manis/Desktop/systemVerilog/SVA_Vivado/assert_fell/assert_fell.srcs/sources_1/new/assert_fell.sv
Error:                  525Error: ---Assertion Failed
Time: 525 ns  Iteration: 0  Process: /assert_fell//assert_fell  File: C:/Users/manis/Desktop/systemVerilog/SVA_Vivado/assert_fell/assert_fell.srcs/sources_1/new/assert_fell.sv
Error:                  535Error: ---Assertion Failed
Time: 535 ns  Iteration: 0  Process: /assert_fell//assert_fell  File: C:/Users/manis/Desktop/systemVerilog/SVA_Vivado/assert_fell/assert_fell.srcs/sources_1/new/assert_fell.sv
Error:                  545Error: ---Assertion Failed
Time: 545 ns  Iteration: 0  Process: /assert_fell//assert_fell  File: C:/Users/manis/Desktop/systemVerilog/SVA_Vivado/assert_fell/assert_fell.srcs/sources_1/new/assert_fell.sv
Error:                  555Error: ---Assertion Failed
Time: 555 ns  Iteration: 0  Process: /assert_fell//assert_fell  File: C:/Users/manis/Desktop/systemVerilog/SVA_Vivado/assert_fell/assert_fell.srcs/sources_1/new/assert_fell.sv
Error:                  565Error: ---Assertion Failed
Time: 565 ns  Iteration: 0  Process: /assert_fell//assert_fell  File: C:/Users/manis/Desktop/systemVerilog/SVA_Vivado/assert_fell/assert_fell.srcs/sources_1/new/assert_fell.sv
Error:                  575Error: ---Assertion Failed
Time: 575 ns  Iteration: 0  Process: /assert_fell//assert_fell  File: C:/Users/manis/Desktop/systemVerilog/SVA_Vivado/assert_fell/assert_fell.srcs/sources_1/new/assert_fell.sv
Error:                  585Error: ---Assertion Failed
Time: 585 ns  Iteration: 0  Process: /assert_fell//assert_fell  File: C:/Users/manis/Desktop/systemVerilog/SVA_Vivado/assert_fell/assert_fell.srcs/sources_1/new/assert_fell.sv
Error:                  595Error: ---Assertion Failed
Time: 595 ns  Iteration: 0  Process: /assert_fell//assert_fell  File: C:/Users/manis/Desktop/systemVerilog/SVA_Vivado/assert_fell/assert_fell.srcs/sources_1/new/assert_fell.sv
Error:                  605Error: ---Assertion Failed
Time: 605 ns  Iteration: 0  Process: /assert_fell//assert_fell  File: C:/Users/manis/Desktop/systemVerilog/SVA_Vivado/assert_fell/assert_fell.srcs/sources_1/new/assert_fell.sv
Error:                  615Error: ---Assertion Failed
Time: 615 ns  Iteration: 0  Process: /assert_fell//assert_fell  File: C:/Users/manis/Desktop/systemVerilog/SVA_Vivado/assert_fell/assert_fell.srcs/sources_1/new/assert_fell.sv
Error:                  625Error: ---Assertion Failed
Time: 625 ns  Iteration: 0  Process: /assert_fell//assert_fell  File: C:/Users/manis/Desktop/systemVerilog/SVA_Vivado/assert_fell/assert_fell.srcs/sources_1/new/assert_fell.sv
Error:                  635Error: ---Assertion Failed
Time: 635 ns  Iteration: 0  Process: /assert_fell//assert_fell  File: C:/Users/manis/Desktop/systemVerilog/SVA_Vivado/assert_fell/assert_fell.srcs/sources_1/new/assert_fell.sv
Error:                  645Error: ---Assertion Failed
Time: 645 ns  Iteration: 0  Process: /assert_fell//assert_fell  File: C:/Users/manis/Desktop/systemVerilog/SVA_Vivado/assert_fell/assert_fell.srcs/sources_1/new/assert_fell.sv
Error:                  655Error: ---Assertion Failed
Time: 655 ns  Iteration: 0  Process: /assert_fell//assert_fell  File: C:/Users/manis/Desktop/systemVerilog/SVA_Vivado/assert_fell/assert_fell.srcs/sources_1/new/assert_fell.sv
Error:                  665Error: ---Assertion Failed
Time: 665 ns  Iteration: 0  Process: /assert_fell//assert_fell  File: C:/Users/manis/Desktop/systemVerilog/SVA_Vivado/assert_fell/assert_fell.srcs/sources_1/new/assert_fell.sv
Error:                  675Error: ---Assertion Failed
Time: 675 ns  Iteration: 0  Process: /assert_fell//assert_fell  File: C:/Users/manis/Desktop/systemVerilog/SVA_Vivado/assert_fell/assert_fell.srcs/sources_1/new/assert_fell.sv
Error:                  685Error: ---Assertion Failed
Time: 685 ns  Iteration: 0  Process: /assert_fell//assert_fell  File: C:/Users/manis/Desktop/systemVerilog/SVA_Vivado/assert_fell/assert_fell.srcs/sources_1/new/assert_fell.sv
Error:                  695Error: ---Assertion Failed
Time: 695 ns  Iteration: 0  Process: /assert_fell//assert_fell  File: C:/Users/manis/Desktop/systemVerilog/SVA_Vivado/assert_fell/assert_fell.srcs/sources_1/new/assert_fell.sv
Error:                  705Error: ---Assertion Failed
Time: 705 ns  Iteration: 0  Process: /assert_fell//assert_fell  File: C:/Users/manis/Desktop/systemVerilog/SVA_Vivado/assert_fell/assert_fell.srcs/sources_1/new/assert_fell.sv
Error:                  715Error: ---Assertion Failed
Time: 715 ns  Iteration: 0  Process: /assert_fell//assert_fell  File: C:/Users/manis/Desktop/systemVerilog/SVA_Vivado/assert_fell/assert_fell.srcs/sources_1/new/assert_fell.sv
Error:                  725Error: ---Assertion Failed
Time: 725 ns  Iteration: 0  Process: /assert_fell//assert_fell  File: C:/Users/manis/Desktop/systemVerilog/SVA_Vivado/assert_fell/assert_fell.srcs/sources_1/new/assert_fell.sv
Error:                  735Error: ---Assertion Failed
Time: 735 ns  Iteration: 0  Process: /assert_fell//assert_fell  File: C:/Users/manis/Desktop/systemVerilog/SVA_Vivado/assert_fell/assert_fell.srcs/sources_1/new/assert_fell.sv
Error:                  745Error: ---Assertion Failed
Time: 745 ns  Iteration: 0  Process: /assert_fell//assert_fell  File: C:/Users/manis/Desktop/systemVerilog/SVA_Vivado/assert_fell/assert_fell.srcs/sources_1/new/assert_fell.sv
Error:                  755Error: ---Assertion Failed
Time: 755 ns  Iteration: 0  Process: /assert_fell//assert_fell  File: C:/Users/manis/Desktop/systemVerilog/SVA_Vivado/assert_fell/assert_fell.srcs/sources_1/new/assert_fell.sv
Error:                  765Error: ---Assertion Failed
Time: 765 ns  Iteration: 0  Process: /assert_fell//assert_fell  File: C:/Users/manis/Desktop/systemVerilog/SVA_Vivado/assert_fell/assert_fell.srcs/sources_1/new/assert_fell.sv
Error:                  775Error: ---Assertion Failed
Time: 775 ns  Iteration: 0  Process: /assert_fell//assert_fell  File: C:/Users/manis/Desktop/systemVerilog/SVA_Vivado/assert_fell/assert_fell.srcs/sources_1/new/assert_fell.sv
Error:                  785Error: ---Assertion Failed
Time: 785 ns  Iteration: 0  Process: /assert_fell//assert_fell  File: C:/Users/manis/Desktop/systemVerilog/SVA_Vivado/assert_fell/assert_fell.srcs/sources_1/new/assert_fell.sv
Error:                  795Error: ---Assertion Failed
Time: 795 ns  Iteration: 0  Process: /assert_fell//assert_fell  File: C:/Users/manis/Desktop/systemVerilog/SVA_Vivado/assert_fell/assert_fell.srcs/sources_1/new/assert_fell.sv
Error:                  805Error: ---Assertion Failed
Time: 805 ns  Iteration: 0  Process: /assert_fell//assert_fell  File: C:/Users/manis/Desktop/systemVerilog/SVA_Vivado/assert_fell/assert_fell.srcs/sources_1/new/assert_fell.sv
Error:                  815Error: ---Assertion Failed
Time: 815 ns  Iteration: 0  Process: /assert_fell//assert_fell  File: C:/Users/manis/Desktop/systemVerilog/SVA_Vivado/assert_fell/assert_fell.srcs/sources_1/new/assert_fell.sv
Error:                  825Error: ---Assertion Failed
Time: 825 ns  Iteration: 0  Process: /assert_fell//assert_fell  File: C:/Users/manis/Desktop/systemVerilog/SVA_Vivado/assert_fell/assert_fell.srcs/sources_1/new/assert_fell.sv
Error:                  835Error: ---Assertion Failed
Time: 835 ns  Iteration: 0  Process: /assert_fell//assert_fell  File: C:/Users/manis/Desktop/systemVerilog/SVA_Vivado/assert_fell/assert_fell.srcs/sources_1/new/assert_fell.sv
Error:                  845Error: ---Assertion Failed
Time: 845 ns  Iteration: 0  Process: /assert_fell//assert_fell  File: C:/Users/manis/Desktop/systemVerilog/SVA_Vivado/assert_fell/assert_fell.srcs/sources_1/new/assert_fell.sv
Error:                  855Error: ---Assertion Failed
Time: 855 ns  Iteration: 0  Process: /assert_fell//assert_fell  File: C:/Users/manis/Desktop/systemVerilog/SVA_Vivado/assert_fell/assert_fell.srcs/sources_1/new/assert_fell.sv
Error:                  865Error: ---Assertion Failed
Time: 865 ns  Iteration: 0  Process: /assert_fell//assert_fell  File: C:/Users/manis/Desktop/systemVerilog/SVA_Vivado/assert_fell/assert_fell.srcs/sources_1/new/assert_fell.sv
Error:                  875Error: ---Assertion Failed
Time: 875 ns  Iteration: 0  Process: /assert_fell//assert_fell  File: C:/Users/manis/Desktop/systemVerilog/SVA_Vivado/assert_fell/assert_fell.srcs/sources_1/new/assert_fell.sv
Error:                  885Error: ---Assertion Failed
Time: 885 ns  Iteration: 0  Process: /assert_fell//assert_fell  File: C:/Users/manis/Desktop/systemVerilog/SVA_Vivado/assert_fell/assert_fell.srcs/sources_1/new/assert_fell.sv
Error:                  895Error: ---Assertion Failed
Time: 895 ns  Iteration: 0  Process: /assert_fell//assert_fell  File: C:/Users/manis/Desktop/systemVerilog/SVA_Vivado/assert_fell/assert_fell.srcs/sources_1/new/assert_fell.sv
Error:                  905Error: ---Assertion Failed
Time: 905 ns  Iteration: 0  Process: /assert_fell//assert_fell  File: C:/Users/manis/Desktop/systemVerilog/SVA_Vivado/assert_fell/assert_fell.srcs/sources_1/new/assert_fell.sv
Error:                  915Error: ---Assertion Failed
Time: 915 ns  Iteration: 0  Process: /assert_fell//assert_fell  File: C:/Users/manis/Desktop/systemVerilog/SVA_Vivado/assert_fell/assert_fell.srcs/sources_1/new/assert_fell.sv
Error:                  925Error: ---Assertion Failed
Time: 925 ns  Iteration: 0  Process: /assert_fell//assert_fell  File: C:/Users/manis/Desktop/systemVerilog/SVA_Vivado/assert_fell/assert_fell.srcs/sources_1/new/assert_fell.sv
Error:                  935Error: ---Assertion Failed
Time: 935 ns  Iteration: 0  Process: /assert_fell//assert_fell  File: C:/Users/manis/Desktop/systemVerilog/SVA_Vivado/assert_fell/assert_fell.srcs/sources_1/new/assert_fell.sv
Error:                  945Error: ---Assertion Failed
Time: 945 ns  Iteration: 0  Process: /assert_fell//assert_fell  File: C:/Users/manis/Desktop/systemVerilog/SVA_Vivado/assert_fell/assert_fell.srcs/sources_1/new/assert_fell.sv
Error:                  955Error: ---Assertion Failed
Time: 955 ns  Iteration: 0  Process: /assert_fell//assert_fell  File: C:/Users/manis/Desktop/systemVerilog/SVA_Vivado/assert_fell/assert_fell.srcs/sources_1/new/assert_fell.sv
Error:                  965Error: ---Assertion Failed
Time: 965 ns  Iteration: 0  Process: /assert_fell//assert_fell  File: C:/Users/manis/Desktop/systemVerilog/SVA_Vivado/assert_fell/assert_fell.srcs/sources_1/new/assert_fell.sv
Error:                  975Error: ---Assertion Failed
Time: 975 ns  Iteration: 0  Process: /assert_fell//assert_fell  File: C:/Users/manis/Desktop/systemVerilog/SVA_Vivado/assert_fell/assert_fell.srcs/sources_1/new/assert_fell.sv
Error:                  985Error: ---Assertion Failed
Time: 985 ns  Iteration: 0  Process: /assert_fell//assert_fell  File: C:/Users/manis/Desktop/systemVerilog/SVA_Vivado/assert_fell/assert_fell.srcs/sources_1/new/assert_fell.sv
Error:                  995Error: ---Assertion Failed
Time: 995 ns  Iteration: 0  Process: /assert_fell//assert_fell  File: C:/Users/manis/Desktop/systemVerilog/SVA_Vivado/assert_fell/assert_fell.srcs/sources_1/new/assert_fell.sv
